{
  "RSpec": {
    "coverage": {
      "/Users/fifiding/RoutePlanner/require_app.rb": {
        "lines": [
          null,
          null,
          null,
          1,
          5,
          1,
          null,
          1,
          26,
          null,
          null
        ]
      },
      "/Users/fifiding/RoutePlanner/config/environment.rb": {
        "lines": [
          null,
          null,
          1,
          1,
          1,
          1,
          1,
          null,
          1,
          null,
          1,
          1,
          null,
          null,
          1,
          null,
          null,
          null,
          1,
          1,
          null,
          1,
          null,
          1,
          null,
          1,
          null,
          null,
          1,
          1,
          null,
          null
        ]
      },
      "/Users/fifiding/RoutePlanner/app/domain/RoutePlanner/entities/Online.rb": {
        "lines": [
          null,
          null,
          1,
          1,
          null,
          1,
          1,
          null,
          1,
          1,
          null,
          1,
          1,
          1,
          1,
          1,
          null,
          1,
          5,
          null,
          null,
          null,
          null
        ]
      },
      "/Users/fifiding/RoutePlanner/app/domain/RoutePlanner/entities/Physical.rb": {
        "lines": [
          null,
          null,
          1,
          1,
          null,
          1,
          1,
          null,
          1,
          1,
          null,
          1,
          1,
          1,
          1,
          1,
          1,
          1,
          null,
          1,
          0,
          null,
          null,
          null,
          null
        ]
      },
      "/Users/fifiding/RoutePlanner/app/domain/traveler_profile/main_quest.rb": {
        "lines": [
          null,
          null,
          1,
          1,
          null,
          1,
          null,
          null,
          null,
          null
        ]
      },
      "/Users/fifiding/RoutePlanner/app/domain/traveler_profile/planner.rb": {
        "lines": [
          null,
          null,
          1,
          1,
          null,
          1,
          null,
          null,
          null,
          null
        ]
      },
      "/Users/fifiding/RoutePlanner/app/domain/traveler_profile/side_quest.rb": {
        "lines": [
          null,
          null,
          1,
          1,
          null,
          1,
          null,
          null,
          null,
          null
        ]
      },
      "/Users/fifiding/RoutePlanner/app/domain/traveler_profile/skillset.rb": {
        "lines": [
          null,
          null,
          1,
          1,
          null,
          1,
          null,
          null,
          null,
          null,
          null,
          1,
          null,
          null,
          1,
          1,
          null,
          null,
          null,
          null,
          null,
          null,
          null,
          null,
          null,
          null,
          1,
          1,
          null,
          null,
          null,
          null,
          null,
          null,
          null
        ]
      },
      "/Users/fifiding/RoutePlanner/app/infrastructure/database/orm/online_orm.rb": {
        "lines": [
          null,
          null,
          1,
          null,
          1,
          1,
          null,
          1,
          null,
          null,
          null,
          1,
          null,
          null,
          null
        ]
      },
      "/Users/fifiding/RoutePlanner/app/infrastructure/database/orm/physical_orm.rb": {
        "lines": [
          null,
          null,
          1,
          null,
          1,
          1,
          null,
          1,
          null,
          null,
          null,
          1,
          null,
          null,
          null
        ]
      },
      "/Users/fifiding/RoutePlanner/app/infrastructure/database/repositories/for.rb": {
        "lines": [
          null,
          null,
          1,
          1,
          1,
          1,
          null,
          1,
          null,
          1,
          null,
          null,
          null,
          1,
          0,
          null,
          null,
          1,
          10,
          null,
          null,
          null,
          null
        ]
      },
      "/Users/fifiding/RoutePlanner/app/infrastructure/database/repositories/onlines.rb": {
        "lines": [
          null,
          null,
          1,
          1,
          null,
          1,
          1,
          0,
          null,
          null,
          1,
          10,
          null,
          null,
          1,
          0,
          0,
          null,
          null,
          null,
          1,
          10,
          10,
          null,
          null,
          1,
          5,
          null,
          5,
          5,
          null,
          null,
          1,
          15,
          null,
          10,
          null,
          null,
          null,
          null,
          null,
          null,
          null,
          null,
          1,
          0,
          null,
          null,
          null,
          null
        ]
      },
      "/Users/fifiding/RoutePlanner/app/infrastructure/database/repositories/physicals.rb": {
        "lines": [
          null,
          null,
          1,
          1,
          null,
          1,
          1,
          0,
          null,
          null,
          1,
          0,
          0,
          null,
          null,
          null,
          1,
          0,
          0,
          null,
          null,
          1,
          0,
          null,
          0,
          0,
          null,
          null,
          1,
          0,
          null,
          0,
          null,
          null,
          null,
          null,
          null,
          null,
          null,
          null,
          null,
          null,
          1,
          0,
          null,
          null,
          null,
          null
        ]
      },
      "/Users/fifiding/RoutePlanner/app/infrastructure/openai/gateway/openai_api.rb": {
        "lines": [
          null,
          null,
          1,
          null,
          1,
          1,
          null,
          1,
          1,
          null,
          1,
          2,
          2,
          2,
          null,
          null,
          1,
          2,
          null,
          2,
          null,
          null,
          null,
          null,
          null,
          null,
          null,
          2,
          null,
          null,
          1,
          null,
          1,
          null,
          10,
          null,
          null,
          1,
          2,
          null,
          null,
          null,
          null
        ]
      },
      "/Users/fifiding/RoutePlanner/app/infrastructure/openai/mapper/mainquest_mapper.rb": {
        "lines": [
          null,
          null,
          1,
          1,
          null,
          1,
          1,
          0,
          0,
          0,
          0,
          0,
          null,
          null,
          null,
          null,
          null,
          null,
          null,
          null
        ]
      },
      "/Users/fifiding/RoutePlanner/app/infrastructure/openai/mapper/sidequest_mapper.rb": {
        "lines": [
          null,
          null,
          1,
          1,
          null,
          1,
          1,
          0,
          0,
          0,
          0,
          0,
          null,
          null,
          null,
          null,
          null,
          null,
          null,
          null
        ]
      },
      "/Users/fifiding/RoutePlanner/app/infrastructure/openai/mapper/skillset_mapper.rb": {
        "lines": [
          null,
          null,
          1,
          1,
          null,
          1,
          1,
          1,
          1,
          1,
          1,
          1,
          null,
          null,
          null,
          null,
          null,
          null,
          1,
          1,
          1,
          null,
          null,
          null,
          1,
          1,
          null,
          null,
          null,
          1,
          0,
          null,
          null,
          null,
          1,
          1,
          0,
          null,
          null,
          null,
          null,
          null
        ]
      },
      "/Users/fifiding/RoutePlanner/app/infrastructure/youtube/gateways/youtube_api.rb": {
        "lines": [
          null,
          null,
          1,
          1,
          null,
          1,
          null,
          1,
          null,
          1,
          1,
          5,
          null,
          null,
          1,
          5,
          null,
          null,
          1,
          0,
          null,
          null,
          null,
          1,
          1,
          1,
          1,
          5,
          null,
          null,
          1,
          5,
          5,
          null,
          null,
          1,
          0,
          null,
          null,
          1,
          null,
          5,
          5,
          5,
          null,
          null,
          null,
          null,
          null,
          null,
          1,
          1,
          null,
          1,
          null,
          null,
          1,
          5,
          null,
          null,
          1,
          0,
          null,
          null,
          null,
          null,
          null
        ]
      },
      "/Users/fifiding/RoutePlanner/app/infrastructure/youtube/mappers/video_mapper.rb": {
        "lines": [
          null,
          null,
          1,
          1,
          1,
          1,
          0,
          0,
          0,
          null,
          null,
          1,
          0,
          0,
          null,
          null,
          1,
          0,
          null,
          null,
          null,
          1,
          1,
          0,
          null,
          null,
          1,
          null,
          null,
          null,
          null,
          0,
          null,
          null,
          null,
          null,
          null,
          null,
          null,
          null,
          null,
          1,
          null,
          1,
          0,
          null,
          null,
          1,
          0,
          null,
          null,
          1,
          0,
          null,
          null,
          1,
          0,
          null,
          null,
          1,
          0,
          null,
          null,
          null,
          null,
          null
        ]
      },
      "/Users/fifiding/RoutePlanner/app/infrastructure/youtube/mappers/video_recommand_mapper.rb": {
        "lines": [
          null,
          null,
          1,
          1,
          1,
          1,
          4,
          4,
          4,
          null,
          null,
          1,
          0,
          0,
          null,
          null,
          null,
          1,
          4,
          4,
          null,
          4,
          4,
          null,
          4,
          null,
          null,
          1,
          null,
          1,
          4,
          4,
          null,
          null,
          1,
          24,
          null,
          null,
          1,
          24,
          null,
          null,
          null,
          1,
          1,
          20,
          20,
          null,
          null,
          1,
          20,
          null,
          null,
          null,
          null,
          null,
          null,
          null,
          null,
          1,
          null,
          1,
          20,
          null,
          null,
          1,
          20,
          null,
          null,
          1,
          20,
          null,
          null,
          1,
          20,
          null,
          null,
          null,
          null,
          null
        ]
      },
      "/Users/fifiding/RoutePlanner/app/presentation/view_objects/roadmap.rb": {
        "lines": [
          null,
          null,
          1,
          null,
          1,
          1,
          0,
          0,
          null,
          null,
          1,
          0,
          null,
          null,
          1,
          0,
          null,
          null,
          1,
          0,
          null,
          null,
          1,
          0,
          null,
          null,
          1,
          0,
          null,
          null,
          1,
          0,
          null,
          null,
          1,
          0,
          null,
          null,
          null
        ]
      },
      "/Users/fifiding/RoutePlanner/app/presentation/view_objects/roadmaps_list.rb": {
        "lines": [
          null,
          null,
          1,
          null,
          1,
          null,
          1,
          1,
          0,
          null,
          null,
          1,
          0,
          0,
          null,
          null,
          null,
          1,
          0,
          null,
          null,
          null
        ]
      },
      "/Users/fifiding/RoutePlanner/app/presentation/view_objects/timestamp.rb": {
        "lines": [
          null,
          null,
          1,
          null,
          1,
          1,
          0,
          null,
          null,
          1,
          null,
          null,
          0,
          null,
          null,
          0,
          null,
          0,
          null,
          null,
          null,
          0,
          null,
          null,
          null,
          null
        ]
      },
      "/Users/fifiding/RoutePlanner/app/application/controllers/app.rb": {
        "lines": [
          null,
          null,
          1,
          1,
          1,
          1,
          1,
          null,
          1,
          1,
          null,
          null,
          1,
          1,
          1,
          1,
          1,
          1,
          null,
          1,
          null,
          1,
          1,
          1,
          null,
          1,
          0,
          0,
          0,
          null,
          0,
          null,
          0,
          0,
          null,
          0,
          0,
          0,
          null,
          0,
          0,
          0,
          0,
          null,
          0,
          null,
          0,
          0,
          null,
          0,
          0,
          0,
          0,
          0,
          null,
          0,
          0,
          null,
          null,
          null,
          null,
          0,
          null,
          0,
          0,
          0,
          0,
          0,
          null,
          0,
          0,
          null,
          null,
          null,
          null,
          null,
          0,
          0,
          0,
          0,
          null,
          null,
          null,
          0,
          0,
          null,
          0,
          0,
          0,
          null,
          null,
          null,
          0,
          null,
          null,
          null,
          null,
          null,
          null,
          null
        ]
      },
      "/Users/fifiding/RoutePlanner/app/application/forms/new_search.rb": {
        "lines": [
          null,
          null,
          1,
          null,
          1,
          1,
          null,
          1,
          1,
          1,
          null,
          1,
          1,
          null,
          null,
          1,
          0,
          null,
          null,
          null,
          null
        ]
      },
      "/Users/fifiding/RoutePlanner/app/application/services/fetch_viewed_roadmaps.rb": {
        "lines": [
          null,
          null,
          1,
          null,
          1,
          1,
          null,
          1,
          1,
          null,
          1,
          0,
          null,
          0,
          null,
          0,
          0,
          null,
          null,
          null,
          null
        ]
      },
      "/Users/fifiding/RoutePlanner/app/application/services/search_service.rb": {
        "lines": [
          null,
          null,
          1,
          1,
          1,
          1,
          1,
          1,
          null,
          1,
          0,
          null,
          null,
          null,
          null,
          0,
          0,
          null,
          null,
          0,
          null,
          0,
          null,
          null,
          null,
          null
        ]
      },
      "/Users/fifiding/RoutePlanner/spec/helpers/vcr_helper.rb": {
        "lines": [
          null,
          null,
          1,
          1,
          null,
          null,
          1,
          1,
          1,
          1,
          null,
          1,
          1,
          1,
          1,
          null,
          null,
          null,
          1,
          4,
          33,
          33,
          null,
          null,
          4,
          null,
          null,
          null,
          null,
          null,
          null,
          1,
          2,
          5,
          5,
          null,
          null,
          2,
          null,
          null,
          null,
          null,
          null,
          null,
          1,
          6,
          null,
          null
        ]
      },
      "/Users/fifiding/RoutePlanner/spec/tests/integration/gateway_youtube_spec.rb": {
        "lines": [
          null,
          null,
          1,
          1,
          null,
          1,
          1,
          3,
          null,
          null,
          1,
          3,
          null,
          null,
          1,
          1,
          3,
          null,
          null,
          null,
          null,
          1,
          1,
          1,
          1,
          null,
          null,
          1,
          1,
          1,
          1,
          5,
          null,
          null,
          null,
          1,
          1,
          5,
          5,
          5,
          null,
          null,
          null,
          null,
          null,
          null,
          null,
          null,
          null,
          null,
          null,
          null,
          null,
          null,
          null,
          null,
          null,
          null,
          null,
          null,
          null,
          null,
          null,
          null,
          null,
          null,
          null,
          null,
          null,
          null,
          null,
          null,
          null,
          null,
          null,
          null,
          null,
          null,
          null,
          null,
          null,
          null,
          null,
          null,
          null,
          null,
          null,
          null
        ]
      },
      "/Users/fifiding/RoutePlanner/spec/tests/integration/layers/gateway_database_spec.rb": {
        "lines": [
          null,
          null,
          1,
          1,
          1,
          null,
          1,
          1,
          null,
          1,
          1,
          null,
          null,
          1,
          1,
          null,
          null,
          1,
          1,
          1,
          null,
          null,
          1,
          1,
          1,
          1,
          1,
          5,
          null,
          5,
          5,
          null,
          5,
          5,
          5,
          null,
          null,
          null,
          null
        ]
      },
      "/Users/fifiding/RoutePlanner/spec/helpers/database_helper.rb": {
        "lines": [
          null,
          null,
          1,
          1,
          null,
          1,
          1,
          1,
          null,
          null
        ]
      }
    },
    "timestamp": 1732280218
  }
}
